<?xml version="1.0" encoding="UTF-8"?>
<!-- Generated by org.testng.reporters.JUnitXMLReporter -->
<testsuite hostname="otywin-17" name="Registration-Test-SQ" tests="1" failures="0" timestamp="26 Sep 2016 07:00:35 GMT" time="0.068" errors="0">
  <testcase name="@BeforeTest startTest" time="0.0" classname="com.formsdirectinc.qa.app.registration.RegistrationTest">
    <failure type="org.testng.TestNGException" message="
Parameter &amp;apos;sitename&amp;apos; is required by @Configuration on method startTest but has not been marked @Optional or defined
in C:\Users\Yasser-QA\Downloads\functional-test-scripts-coresite-modular-structure-yazar\functional-test-scripts-coresite-modular-structure\registration\src\test\resources\registration\testsuites\registration-test-EQ.xml">
      <![CDATA[org.testng.TestNGException: 
Parameter 'sitename' is required by @Configuration on method startTest but has not been marked @Optional or defined
in C:\Users\Yasser-QA\Downloads\functional-test-scripts-coresite-modular-structure-yazar\functional-test-scripts-coresite-modular-structure\registration\src\test\resources\registration\testsuites\registration-test-EQ.xml
	at java.util.concurrent.FutureTask.run(Unknown Source)
	at java.util.concurrent.ThreadPoolExecutor.runWorker(Unknown Source)
	at java.util.concurrent.ThreadPoolExecutor$Worker.run(Unknown Source)
	at java.lang.Thread.run(Unknown Source)
... Removed 11 stack frames]]>
    </failure>
  </testcase> <!-- @BeforeTest startTest -->
  <testcase name="@AfterTest testCaseDefault" time="0.0" classname="com.formsdirectinc.qa.app.registration.RegistrationTest">
    <failure type="org.testng.TestNGException" message="
Parameter &amp;apos;sitename&amp;apos; is required by @Configuration on method testCaseDefault but has not been marked @Optional or defined
in C:\Users\Yasser-QA\Downloads\functional-test-scripts-coresite-modular-structure-yazar\functional-test-scripts-coresite-modular-structure\registration\src\test\resources\registration\testsuites\registration-test-EQ.xml">
      <![CDATA[org.testng.TestNGException: 
Parameter 'sitename' is required by @Configuration on method testCaseDefault but has not been marked @Optional or defined
in C:\Users\Yasser-QA\Downloads\functional-test-scripts-coresite-modular-structure-yazar\functional-test-scripts-coresite-modular-structure\registration\src\test\resources\registration\testsuites\registration-test-EQ.xml
	at java.util.concurrent.FutureTask.run(Unknown Source)
	at java.util.concurrent.ThreadPoolExecutor.runWorker(Unknown Source)
	at java.util.concurrent.ThreadPoolExecutor$Worker.run(Unknown Source)
	at java.lang.Thread.run(Unknown Source)
... Removed 11 stack frames]]>
    </failure>
  </testcase> <!-- @AfterTest testCaseDefault -->
  <testcase name="test" time="0.019" classname="com.formsdirectinc.qa.app.registration.RegistrationTest">
    <skipped/>
  </testcase> <!-- test -->
</testsuite> <!-- Registration-Test-SQ -->
